<?xml version="1.0" ?>
<!DOCTYPE coverage SYSTEM "http://cobertura.sourceforge.net/xml/coverage-04.dtd">
<coverage lines-valid="3361" lines-covered="2036" line-rate="0.6058" branches-valid="1426" branches-covered="799" branch-rate="0.5603" timestamp="1527500784426" complexity="0" version="0.1">
  <sources>
    <source>/ceph/src/pybind/mgr/dashboard/frontend</source>
  </sources>
  <packages>
    <package name="src" line-rate="0.8946999999999999" branch-rate="0.25">
      <classes>
        <class name="jestGlobalMocks.ts" filename="src/jestGlobalMocks.ts" line-rate="0.8181999999999999" branch-rate="0.25">
          <methods>
            <method name="(anonymous_0)" hits="182" signature="()V">
              <lines>
                <line number="1" hits="182"/>
              </lines>
            </method>
            <method name="(anonymous_1)" hits="20" signature="()V">
              <lines>
                <line number="4" hits="20"/>
              </lines>
            </method>
            <method name="(anonymous_2)" hits="0" signature="()V">
              <lines>
                <line number="5" hits="0"/>
              </lines>
            </method>
            <method name="(anonymous_3)" hits="1" signature="()V">
              <lines>
                <line number="6" hits="1"/>
              </lines>
            </method>
            <method name="(anonymous_4)" hits="0" signature="()V">
              <lines>
                <line number="7" hits="0"/>
              </lines>
            </method>
            <method name="(anonymous_5)" hits="30" signature="()V">
              <lines>
                <line number="14" hits="30"/>
              </lines>
            </method>
          </methods>
          <lines>
            <line number="1" hits="91" branch="false"/>
            <line number="2" hits="182" branch="false"/>
            <line number="3" hits="182" branch="false"/>
            <line number="4" hits="20" branch="true" condition-coverage="50% (1/2)"/>
            <line number="5" hits="0" branch="true" condition-coverage="0% (0/2)"/>
            <line number="6" hits="1" branch="false"/>
            <line number="7" hits="0" branch="false"/>
            <line number="11" hits="91" branch="false"/>
            <line number="12" hits="91" branch="false"/>
            <line number="13" hits="91" branch="false"/>
            <line number="14" hits="30" branch="false"/>
          </lines>
        </class>
        <class name="setupJest.ts" filename="src/setupJest.ts" line-rate="1" branch-rate="1">
          <methods>
          </methods>
          <lines>
            <line number="1" hits="91" branch="false"/>
            <line number="2" hits="91" branch="false"/>
            <line number="5" hits="91" branch="false"/>
            <line number="6" hits="91" branch="false"/>
            <line number="7" hits="91" branch="false"/>
            <line number="8" hits="91" branch="false"/>
            <line number="9" hits="91" branch="false"/>
            <line number="12" hits="91" branch="false"/>
          </lines>
        </class>
      </classes>
    </package>
    <package name="src.app" line-rate="1" branch-rate="0.8">
      <classes>
        <class name="app.component.html" filename="src/app/app.component.html" line-rate="1" branch-rate="1">
          <methods>
          </methods>
          <lines>
            <line number="1" hits="1" branch="false"/>
          </lines>
        </class>
        <class name="app.component.ts" filename="src/app/app.component.ts" line-rate="1" branch-rate="0.8">
          <methods>
            <method name="(anonymous_2)" hits="1" signature="()V">
              <lines>
                <line number="13" hits="1"/>
              </lines>
            </method>
            <method name="AppComponent" hits="1" signature="()V">
              <lines>
                <line number="16" hits="1"/>
              </lines>
            </method>
            <method name="(anonymous_4)" hits="4" signature="()V">
              <lines>
                <line number="23" hits="4"/>
              </lines>
            </method>
          </methods>
          <lines>
            <line number="1" hits="1" branch="false"/>
            <line number="2" hits="1" branch="false"/>
            <line number="4" hits="1" branch="false"/>
            <line number="6" hits="1" branch="false"/>
            <line number="13" hits="1" branch="false"/>
            <line number="14" hits="1" branch="false"/>
            <line number="16" hits="1" branch="true" condition-coverage="75% (6/8)"/>
            <line number="17" hits="1" branch="true" condition-coverage="80% (4/5)"/>
            <line number="18" hits="1" branch="true" condition-coverage="80% (4/5)"/>
            <line number="19" hits="1" branch="false"/>
            <line number="20" hits="1" branch="false"/>
            <line number="23" hits="1" branch="false"/>
            <line number="24" hits="4" branch="true" condition-coverage="100% (2/2)"/>
            <line number="27" hits="1" branch="false"/>
          </lines>
        </class>
      </classes>
    </package>
    <package name="src.app.ceph.block" line-rate="1" branch-rate="1">
      <classes>
        <class name="mirror-health-color.pipe.ts" filename="src/app/ceph/block/mirror-health-color.pipe.ts" line-rate="1" branch-rate="1">
          <methods>
            <method name="(anonymous_1)" hits="4" signature="()V">
              <lines>
                <line number="6" hits="4"/>
              </lines>
            </method>
            <method name="(anonymous_3)" hits="4" signature="()V">
              <lines>
                <line number="7" hits="4"/>
              </lines>
            </method>
          </methods>
          <lines>
            <line number="1" hits="2" branch="false"/>
            <line number="6" hits="2" branch="false"/>
            <line number="7" hits="2" branch="false"/>
            <line number="8" hits="4" branch="true" condition-coverage="100% (2/2)"/>
            <line number="9" hits="1" branch="false"/>
            <line number="10" hits="3" branch="true" condition-coverage="100% (2/2)"/>
            <line number="11" hits="1" branch="false"/>
            <line number="12" hits="2" branch="true" condition-coverage="100% (2/2)"/>
            <line number="13" hits="1" branch="false"/>
            <line number="15" hits="1" branch="false"/>
            <line number="17" hits="2" branch="false"/>
          </lines>
        </class>
      </classes>
    </package>
    <package name="src.app.ceph.block.flatten-confirmation-modal" line-rate="0.9333" branch-rate="0.6667000000000001">
      <classes>
        <class name="flatten-confimation-modal.component.html" filename="src/app/ceph/block/flatten-confirmation-modal/flatten-confimation-modal.component.html" line-rate="1" branch-rate="1">
          <methods>
          </methods>
          <lines>
            <line number="1" hits="2" branch="false"/>
          </lines>
        </class>
        <class name="flatten-confimation-modal.component.ts" filename="src/app/ceph/block/flatten-confirmation-modal/flatten-confimation-modal.component.ts" line-rate="0.9286" branch-rate="0.6667000000000001">
          <methods>
            <method name="(anonymous_2)" hits="2" signature="()V">
              <lines>
                <line number="12" hits="2"/>
              </lines>
            </method>
            <method name="FlattenConfirmationModalComponent" hits="1" signature="()V">
              <lines>
                <line number="21" hits="1"/>
              </lines>
            </method>
            <method name="(anonymous_4)" hits="1" signature="()V">
              <lines>
                <line number="25" hits="1"/>
              </lines>
            </method>
            <method name="(anonymous_5)" hits="1" signature="()V">
              <lines>
                <line number="29" hits="1"/>
              </lines>
            </method>
            <method name="(anonymous_6)" hits="0" signature="()V">
              <lines>
                <line number="33" hits="0"/>
              </lines>
            </method>
          </methods>
          <lines>
            <line number="1" hits="2" branch="false"/>
            <line number="2" hits="2" branch="false"/>
            <line number="4" hits="2" branch="false"/>
            <line number="5" hits="2" branch="false"/>
            <line number="12" hits="2" branch="false"/>
            <line number="21" hits="1" branch="true" condition-coverage="66.66666666666666% (2/3)"/>
            <line number="22" hits="1" branch="false"/>
            <line number="25" hits="2" branch="false"/>
            <line number="26" hits="1" branch="false"/>
            <line number="29" hits="2" branch="false"/>
            <line number="30" hits="1" branch="false"/>
            <line number="33" hits="2" branch="false"/>
            <line number="34" hits="0" branch="false"/>
            <line number="36" hits="2" branch="false"/>
          </lines>
        </class>
      </classes>
    </package>
    <package name="src.app.ceph.block.iscsi" line-rate="0.6957" branch-rate="0.7826000000000001">
      <classes>
        <class name="iscsi.component.html" filename="src/app/ceph/block/iscsi/iscsi.component.html" line-rate="1" branch-rate="1">
          <methods>
          </methods>
          <lines>
            <line number="1" hits="1" branch="false"/>
          </lines>
        </class>
        <class name="iscsi.component.ts" filename="src/app/ceph/block/iscsi/iscsi.component.ts" line-rate="0.6818000000000001" branch-rate="0.7826000000000001">
          <methods>
            <method name="(anonymous_2)" hits="1" signature="()V">
              <lines>
                <line number="15" hits="1"/>
              </lines>
            </method>
            <method name="IscsiComponent" hits="1" signature="()V">
              <lines>
                <line number="22" hits="1"/>
              </lines>
            </method>
            <method name="(anonymous_4)" hits="0" signature="()V">
              <lines>
                <line number="96" hits="0"/>
              </lines>
            </method>
            <method name="(anonymous_5)" hits="0" signature="()V">
              <lines>
                <line number="97" hits="0"/>
              </lines>
            </method>
            <method name="(anonymous_6)" hits="0" signature="()V">
              <lines>
                <line number="100" hits="0"/>
              </lines>
            </method>
            <method name="(anonymous_7)" hits="0" signature="()V">
              <lines>
                <line number="101" hits="0"/>
              </lines>
            </method>
            <method name="(anonymous_8)" hits="0" signature="()V">
              <lines>
                <line number="102" hits="0"/>
              </lines>
            </method>
          </methods>
          <lines>
            <line number="1" hits="1" branch="false"/>
            <line number="3" hits="1" branch="false"/>
            <line number="4" hits="1" branch="false"/>
            <line number="5" hits="1" branch="false"/>
            <line number="6" hits="1" branch="false"/>
            <line number="7" hits="1" branch="false"/>
            <line number="8" hits="1" branch="false"/>
            <line number="15" hits="1" branch="false"/>
            <line number="17" hits="1" branch="false"/>
            <line number="19" hits="1" branch="false"/>
            <line number="22" hits="1" branch="true" condition-coverage="75% (6/8)"/>
            <line number="27" hits="1" branch="false"/>
            <line number="46" hits="1" branch="false"/>
            <line number="96" hits="1" branch="false"/>
            <line number="97" hits="0" branch="false"/>
            <line number="98" hits="0" branch="false"/>
            <line number="99" hits="0" branch="false"/>
            <line number="100" hits="0" branch="false"/>
            <line number="101" hits="0" branch="false"/>
            <line number="102" hits="0" branch="false"/>
            <line number="103" hits="0" branch="false"/>
            <line number="108" hits="1" branch="false"/>
          </lines>
        </class>
      </classes>
    </package>
    <package name="src.app.ceph.block.mirroring" line-rate="0.8181999999999999" branch-rate="0.72">
      <classes>
        <class name="mirroring.component.html" filename="src/app/ceph/block/mirroring/mirroring.component.html" line-rate="1" branch-rate="1">
          <methods>
          </methods>
          <lines>
            <line number="1" hits="1" branch="false"/>
          </lines>
        </class>
        <class name="mirroring.component.ts" filename="src/app/ceph/block/mirroring/mirroring.component.ts" line-rate="0.8125" branch-rate="0.72">
          <methods>
            <method name="(anonymous_2)" hits="1" signature="()V">
              <lines>
                <line number="15" hits="1"/>
              </lines>
            </method>
            <method name="MirroringComponent" hits="1" signature="()V">
              <lines>
                <line number="45" hits="1"/>
              </lines>
            </method>
            <method name="(anonymous_4)" hits="1" signature="()V">
              <lines>
                <line number="51" hits="1"/>
              </lines>
            </method>
            <method name="(anonymous_5)" hits="4" signature="()V">
              <lines>
                <line number="126" hits="4"/>
              </lines>
            </method>
            <method name="(anonymous_6)" hits="0" signature="()V">
              <lines>
                <line number="127" hits="0"/>
              </lines>
            </method>
          </methods>
          <lines>
            <line number="1" hits="1" branch="false"/>
            <line number="2" hits="1" branch="false"/>
            <line number="6" hits="1" branch="false"/>
            <line number="8" hits="1" branch="false"/>
            <line number="15" hits="1" branch="false"/>
            <line number="16" hits="1" branch="true" condition-coverage="66.66666666666666% (2/3)"/>
            <line number="17" hits="1" branch="true" condition-coverage="66.66666666666666% (2/3)"/>
            <line number="18" hits="1" branch="true" condition-coverage="66.66666666666666% (2/3)"/>
            <line number="19" hits="1" branch="true" condition-coverage="66.66666666666666% (2/3)"/>
            <line number="24" hits="1" branch="false"/>
            <line number="28" hits="1" branch="false"/>
            <line number="32" hits="1" branch="false"/>
            <line number="36" hits="1" branch="false"/>
            <line number="40" hits="1" branch="false"/>
            <line number="46" hits="1" branch="true" condition-coverage="75% (6/8)"/>
            <line number="47" hits="1" branch="true" condition-coverage="80% (4/5)"/>
            <line number="48" hits="1" branch="false"/>
            <line number="51" hits="1" branch="false"/>
            <line number="52" hits="1" branch="false"/>
            <line number="70" hits="1" branch="false"/>
            <line number="84" hits="1" branch="false"/>
            <line number="96" hits="1" branch="false"/>
            <line number="113" hits="1" branch="false"/>
            <line number="126" hits="4" branch="false"/>
            <line number="127" hits="4" branch="false"/>
            <line number="128" hits="0" branch="false"/>
            <line number="129" hits="0" branch="false"/>
            <line number="130" hits="0" branch="false"/>
            <line number="131" hits="0" branch="false"/>
            <line number="132" hits="0" branch="false"/>
            <line number="134" hits="0" branch="false"/>
            <line number="137" hits="1" branch="false"/>
          </lines>
        </class>
      </classes>
    </package>
    <package name="src.app.ceph.block.rbd-details" line-rate="0.8889" branch-rate="0.6">
      <classes>
        <class name="rbd-details.component.html" filename="src/app/ceph/block/rbd-details/rbd-details.component.html" line-rate="1" branch-rate="1">
          <methods>
          </methods>
          <lines>
            <line number="1" hits="2" branch="false"/>
          </lines>
        </class>
        <class name="rbd-details.component.ts" filename="src/app/ceph/block/rbd-details/rbd-details.component.ts" line-rate="0.875" branch-rate="0.6">
          <methods>
            <method name="(anonymous_2)" hits="2" signature="()V">
              <lines>
                <line number="10" hits="2"/>
              </lines>
            </method>
            <method name="RbdDetailsComponent" hits="3" signature="()V">
              <lines>
                <line number="15" hits="3"/>
              </lines>
            </method>
            <method name="(anonymous_4)" hits="2" signature="()V">
              <lines>
                <line number="17" hits="2"/>
              </lines>
            </method>
          </methods>
          <lines>
            <line number="1" hits="2" branch="false"/>
            <line number="3" hits="2" branch="false"/>
            <line number="10" hits="2" branch="false"/>
            <line number="12" hits="2" branch="true" condition-coverage="66.66666666666666% (2/3)"/>
            <line number="17" hits="2" branch="false"/>
            <line number="18" hits="2" branch="true" condition-coverage="50% (1/2)"/>
            <line number="19" hits="0" branch="false"/>
            <line number="22" hits="2" branch="false"/>
          </lines>
        </class>
      </classes>
    </package>
    <package name="src.app.ceph.block.rbd-form" line-rate="0.4114" branch-rate="0.39130000000000004">
      <classes>
        <class name="rbd-form-clone-request.model.ts" filename="src/app/ceph/block/rbd-form/rbd-form-clone-request.model.ts" line-rate="0.6667000000000001" branch-rate="1">
          <methods>
            <method name="(anonymous_0)" hits="1" signature="()V">
              <lines>
                <line number="1" hits="1"/>
              </lines>
            </method>
          </methods>
          <lines>
            <line number="1" hits="1" branch="false"/>
            <line number="5" hits="0" branch="false"/>
            <line number="9" hits="1" branch="false"/>
          </lines>
        </class>
        <class name="rbd-form-copy-request.model.ts" filename="src/app/ceph/block/rbd-form/rbd-form-copy-request.model.ts" line-rate="0.6667000000000001" branch-rate="1">
          <methods>
            <method name="(anonymous_0)" hits="1" signature="()V">
              <lines>
                <line number="1" hits="1"/>
              </lines>
            </method>
          </methods>
          <lines>
            <line number="1" hits="1" branch="false"/>
            <line number="6" hits="0" branch="false"/>
            <line number="10" hits="1" branch="false"/>
          </lines>
        </class>
        <class name="rbd-form-create-request.model.ts" filename="src/app/ceph/block/rbd-form/rbd-form-create-request.model.ts" line-rate="0.75" branch-rate="0">
          <methods>
            <method name="(anonymous_5)" hits="1" signature="()V">
              <lines>
                <line number="3" hits="1"/>
              </lines>
            </method>
          </methods>
          <lines>
            <line number="1" hits="1" branch="false"/>
            <line number="3" hits="1" branch="true" condition-coverage="0% (0/3)"/>
            <line number="4" hits="0" branch="false"/>
            <line number="5" hits="1" branch="false"/>
          </lines>
        </class>
        <class name="rbd-form-edit-request.model.ts" filename="src/app/ceph/block/rbd-form/rbd-form-edit-request.model.ts" line-rate="0.6667000000000001" branch-rate="1">
          <methods>
            <method name="(anonymous_0)" hits="1" signature="()V">
              <lines>
                <line number="1" hits="1"/>
              </lines>
            </method>
          </methods>
          <lines>
            <line number="1" hits="1" branch="false"/>
            <line number="4" hits="0" branch="false"/>
            <line number="5" hits="1" branch="false"/>
          </lines>
        </class>
        <class name="rbd-form-mode.enum.ts" filename="src/app/ceph/block/rbd-form/rbd-form-mode.enum.ts" line-rate="1" branch-rate="1">
          <methods>
            <method name="(anonymous_0)" hits="1" signature="()V">
              <lines>
                <line number="1" hits="1"/>
              </lines>
            </method>
          </methods>
          <lines>
            <line number="1" hits="1" branch="true" condition-coverage="100% (2/2)"/>
            <line number="2" hits="1" branch="false"/>
            <line number="3" hits="1" branch="false"/>
            <line number="4" hits="1" branch="false"/>
          </lines>
        </class>
        <class name="rbd-form.component.html" filename="src/app/ceph/block/rbd-form/rbd-form.component.html" line-rate="1" branch-rate="1">
          <methods>
          </methods>
          <lines>
            <line number="1" hits="1" branch="false"/>
          </lines>
        </class>
        <class name="rbd-form.component.ts" filename="src/app/ceph/block/rbd-form/rbd-form.component.ts" line-rate="0.38789999999999997" branch-rate="0.391">
          <methods>
            <method name="(anonymous_2)" hits="1" signature="()V">
              <lines>
                <line number="28" hits="1"/>
              </lines>
            </method>
            <method name="RbdFormComponent" hits="1" signature="()V">
              <lines>
                <line number="75" hits="1"/>
              </lines>
            </method>
            <method name="(anonymous_4)" hits="1" signature="()V">
              <lines>
                <line number="130" hits="1"/>
              </lines>
            </method>
            <method name="(anonymous_5)" hits="0" signature="()V">
              <lines>
                <line number="171" hits="0"/>
              </lines>
            </method>
            <method name="(anonymous_6)" hits="0" signature="()V">
              <lines>
                <line number="181" hits="0"/>
              </lines>
            </method>
            <method name="(anonymous_7)" hits="0" signature="()V">
              <lines>
                <line number="186" hits="0"/>
              </lines>
            </method>
            <method name="(anonymous_8)" hits="1" signature="()V">
              <lines>
                <line number="191" hits="1"/>
              </lines>
            </method>
            <method name="(anonymous_9)" hits="0" signature="()V">
              <lines>
                <line number="206" hits="0"/>
              </lines>
            </method>
            <method name="(anonymous_10)" hits="0" signature="()V">
              <lines>
                <line number="211" hits="0"/>
              </lines>
            </method>
            <method name="(anonymous_11)" hits="1" signature="()V">
              <lines>
                <line number="218" hits="1"/>
              </lines>
            </method>
            <method name="(anonymous_12)" hits="0" signature="()V">
              <lines>
                <line number="223" hits="0"/>
              </lines>
            </method>
            <method name="(anonymous_13)" hits="0" signature="()V">
              <lines>
                <line number="248" hits="0"/>
              </lines>
            </method>
            <method name="(anonymous_14)" hits="0" signature="()V">
              <lines>
                <line number="251" hits="0"/>
              </lines>
            </method>
            <method name="(anonymous_15)" hits="0" signature="()V">
              <lines>
                <line number="254" hits="0"/>
              </lines>
            </method>
            <method name="(anonymous_16)" hits="0" signature="()V">
              <lines>
                <line number="257" hits="0"/>
              </lines>
            </method>
            <method name="(anonymous_17)" hits="0" signature="()V">
              <lines>
                <line number="260" hits="0"/>
              </lines>
            </method>
            <method name="(anonymous_18)" hits="0" signature="()V">
              <lines>
                <line number="263" hits="0"/>
              </lines>
            </method>
            <method name="(anonymous_19)" hits="0" signature="()V">
              <lines>
                <line number="268" hits="0"/>
              </lines>
            </method>
            <method name="(anonymous_20)" hits="0" signature="()V">
              <lines>
                <line number="269" hits="0"/>
              </lines>
            </method>
            <method name="(anonymous_21)" hits="0" signature="()V">
              <lines>
                <line number="278" hits="0"/>
              </lines>
            </method>
            <method name="(anonymous_22)" hits="0" signature="()V">
              <lines>
                <line number="285" hits="0"/>
              </lines>
            </method>
            <method name="(anonymous_23)" hits="0" signature="()V">
              <lines>
                <line number="286" hits="0"/>
              </lines>
            </method>
            <method name="(anonymous_24)" hits="1" signature="()V">
              <lines>
                <line number="295" hits="1"/>
              </lines>
            </method>
            <method name="(anonymous_25)" hits="23" signature="()V">
              <lines>
                <line number="296" hits="23"/>
              </lines>
            </method>
            <method name="(anonymous_26)" hits="16" signature="()V">
              <lines>
                <line number="346" hits="16"/>
              </lines>
            </method>
            <method name="(anonymous_27)" hits="96" signature="()V">
              <lines>
                <line number="347" hits="96"/>
              </lines>
            </method>
            <method name="(anonymous_28)" hits="11" signature="()V">
              <lines>
                <line number="370" hits="11"/>
              </lines>
            </method>
            <method name="(anonymous_29)" hits="11" signature="()V">
              <lines>
                <line number="381" hits="11"/>
              </lines>
            </method>
            <method name="(anonymous_30)" hits="1" signature="()V">
              <lines>
                <line number="385" hits="1"/>
              </lines>
            </method>
            <method name="(anonymous_31)" hits="6" signature="()V">
              <lines>
                <line number="387" hits="6"/>
              </lines>
            </method>
            <method name="(anonymous_32)" hits="0" signature="()V">
              <lines>
                <line number="395" hits="0"/>
              </lines>
            </method>
            <method name="(anonymous_33)" hits="0" signature="()V">
              <lines>
                <line number="426" hits="0"/>
              </lines>
            </method>
            <method name="(anonymous_34)" hits="0" signature="()V">
              <lines>
                <line number="432" hits="0"/>
              </lines>
            </method>
            <method name="(anonymous_35)" hits="0" signature="()V">
              <lines>
                <line number="443" hits="0"/>
              </lines>
            </method>
            <method name="(anonymous_36)" hits="0" signature="()V">
              <lines>
                <line number="448" hits="0"/>
              </lines>
            </method>
            <method name="(anonymous_37)" hits="0" signature="()V">
              <lines>
                <line number="454" hits="0"/>
              </lines>
            </method>
            <method name="(anonymous_38)" hits="0" signature="()V">
              <lines>
                <line number="462" hits="0"/>
              </lines>
            </method>
            <method name="(anonymous_39)" hits="0" signature="()V">
              <lines>
                <line number="467" hits="0"/>
              </lines>
            </method>
            <method name="(anonymous_40)" hits="0" signature="()V">
              <lines>
                <line number="471" hits="0"/>
              </lines>
            </method>
            <method name="(anonymous_41)" hits="0" signature="()V">
              <lines>
                <line number="479" hits="0"/>
              </lines>
            </method>
            <method name="(anonymous_42)" hits="0" signature="()V">
              <lines>
                <line number="484" hits="0"/>
              </lines>
            </method>
            <method name="(anonymous_43)" hits="0" signature="()V">
              <lines>
                <line number="495" hits="0"/>
              </lines>
            </method>
            <method name="(anonymous_44)" hits="0" signature="()V">
              <lines>
                <line number="504" hits="0"/>
              </lines>
            </method>
            <method name="(anonymous_45)" hits="0" signature="()V">
              <lines>
                <line number="510" hits="0"/>
              </lines>
            </method>
            <method name="(anonymous_46)" hits="0" signature="()V">
              <lines>
                <line number="518" hits="0"/>
              </lines>
            </method>
            <method name="(anonymous_47)" hits="0" signature="()V">
              <lines>
                <line number="523" hits="0"/>
              </lines>
            </method>
            <method name="(anonymous_48)" hits="0" signature="()V">
              <lines>
                <line number="536" hits="0"/>
              </lines>
            </method>
            <method name="(anonymous_49)" hits="0" signature="()V">
              <lines>
                <line number="542" hits="0"/>
              </lines>
            </method>
            <method name="(anonymous_50)" hits="0" signature="()V">
              <lines>
                <line number="550" hits="0"/>
              </lines>
            </method>
            <method name="(anonymous_51)" hits="0" signature="()V">
              <lines>
                <line number="555" hits="0"/>
              </lines>
            </method>
            <method name="(anonymous_52)" hits="0" signature="()V">
              <lines>
                <line number="563" hits="0"/>
              </lines>
            </method>
            <method name="(anonymous_53)" hits="0" signature="()V">
              <lines>
                <line number="574" hits="0"/>
              </lines>
            </method>
            <method name="(anonymous_54)" hits="0" signature="()V">
              <lines>
                <line number="585" hits="0"/>
              </lines>
            </method>
            <method name="(anonymous_55)" hits="0" signature="()V">
              <lines>
                <line number="591" hits="0"/>
              </lines>
            </method>
            <method name="(anonymous_56)" hits="0" signature="()V">
              <lines>
                <line number="599" hits="0"/>
              </lines>
            </method>
            <method name="(anonymous_57)" hits="0" signature="()V">
              <lines>
                <line number="604" hits="0"/>
              </lines>
            </method>
          </methods>
          <lines>
            <line number="1" hits="1" branch="false"/>
            <line number="2" hits="1" branch="false"/>
            <line number="3" hits="1" branch="false"/>
            <line number="5" hits="1" branch="false"/>
            <line number="7" hits="1" branch="false"/>
            <line number="8" hits="1" branch="false"/>
            <line number="9" hits="1" branch="false"/>
            <line number="10" hits="1" branch="false"/>
            <line number="11" hits="1" branch="false"/>
            <line number="12" hits="1" branch="false"/>
            <line number="13" hits="1" branch="false"/>
            <line number="14" hits="1" branch="false"/>
            <line number="15" hits="1" branch="false"/>
            <line number="16" hits="1" branch="false"/>
            <line number="17" hits="1" branch="false"/>
            <line number="18" hits="1" branch="false"/>
            <line number="19" hits="1" branch="false"/>
            <line number="20" hits="1" branch="false"/>
            <line number="28" hits="1" branch="false"/>
            <line number="39" hits="1" branch="false"/>
            <line number="40" hits="1" branch="false"/>
            <line number="41" hits="1" branch="false"/>
            <line number="42" hits="1" branch="false"/>
            <line number="44" hits="1" branch="false"/>
            <line number="48" hits="1" branch="false"/>
            <line number="50" hits="1" branch="false"/>
            <line number="56" hits="1" branch="false"/>
            <line number="58" hits="1" branch="false"/>
            <line number="75" hits="1" branch="true" condition-coverage="75% (6/8)"/>
            <line number="76" hits="1" branch="true" condition-coverage="80% (4/5)"/>
            <line number="77" hits="1" branch="true" condition-coverage="80% (4/5)"/>
            <line number="78" hits="1" branch="true" condition-coverage="80% (4/5)"/>
            <line number="79" hits="1" branch="true" condition-coverage="80% (4/5)"/>
            <line number="80" hits="1" branch="true" condition-coverage="80% (4/5)"/>
            <line number="81" hits="1" branch="true" condition-coverage="80% (4/5)"/>
            <line number="82" hits="1" branch="true" condition-coverage="80% (4/5)"/>
            <line number="83" hits="1" branch="false"/>
            <line number="84" hits="1" branch="false"/>
            <line number="122" hits="1" branch="false"/>
            <line number="123" hits="6" branch="false"/>
            <line number="124" hits="6" branch="false"/>
            <line number="125" hits="6" branch="false"/>
            <line number="126" hits="6" branch="false"/>
            <line number="130" hits="1" branch="false"/>
            <line number="131" hits="1" branch="false"/>
            <line number="132" hits="1" branch="false"/>
            <line number="133" hits="1" branch="false"/>
            <line number="134" hits="1" branch="false"/>
            <line number="135" hits="1" branch="false"/>
            <line number="136" hits="1" branch="false"/>
            <line number="137" hits="1" branch="false"/>
            <line number="145" hits="1" branch="false"/>
            <line number="171" hits="1" branch="false"/>
            <line number="172" hits="0" branch="false"/>
            <line number="173" hits="0" branch="false"/>
            <line number="174" hits="0" branch="false"/>
            <line number="175" hits="0" branch="false"/>
            <line number="176" hits="0" branch="false"/>
            <line number="177" hits="0" branch="false"/>
            <line number="178" hits="0" branch="false"/>
            <line number="181" hits="1" branch="false"/>
            <line number="182" hits="0" branch="false"/>
            <line number="183" hits="0" branch="false"/>
            <line number="186" hits="1" branch="false"/>
            <line number="187" hits="0" branch="false"/>
            <line number="188" hits="0" branch="false"/>
            <line number="191" hits="1" branch="false"/>
            <line number="192" hits="1" branch="true" condition-coverage="50% (1/2)"/>
            <line number="193" hits="0" branch="false"/>
            <line number="194" hits="0" branch="false"/>
            <line number="195" hits="1" branch="true" condition-coverage="50% (1/2)"/>
            <line number="196" hits="0" branch="false"/>
            <line number="197" hits="0" branch="false"/>
            <line number="198" hits="1" branch="true" condition-coverage="50% (1/2)"/>
            <line number="199" hits="0" branch="false"/>
            <line number="200" hits="0" branch="false"/>
            <line number="202" hits="1" branch="true" condition-coverage="80% (4/5)"/>
            <line number="205" hits="0" branch="false"/>
            <line number="207" hits="0" branch="false"/>
            <line number="208" hits="0" branch="false"/>
            <line number="209" hits="0" branch="false"/>
            <line number="210" hits="0" branch="false"/>
            <line number="212" hits="0" branch="false"/>
            <line number="217" hits="1" branch="false"/>
            <line number="219" hits="1" branch="false"/>
            <line number="222" hits="1" branch="false"/>
            <line number="224" hits="0" branch="false"/>
            <line number="225" hits="0" branch="false"/>
            <line number="226" hits="0" branch="false"/>
            <line number="227" hits="0" branch="true" condition-coverage="0% (0/2)"/>
            <line number="228" hits="0" branch="true" condition-coverage="0% (0/2)"/>
            <line number="229" hits="0" branch="false"/>
            <line number="230" hits="0" branch="false"/>
            <line number="231" hits="0" branch="true" condition-coverage="0% (0/4)"/>
            <line number="233" hits="0" branch="false"/>
            <line number="237" hits="0" branch="false"/>
            <line number="238" hits="0" branch="false"/>
            <line number="239" hits="0" branch="false"/>
            <line number="240" hits="0" branch="false"/>
            <line number="241" hits="0" branch="true" condition-coverage="0% (0/2)"/>
            <line number="242" hits="0" branch="false"/>
            <line number="243" hits="0" branch="false"/>
            <line number="244" hits="0" branch="false"/>
            <line number="248" hits="1" branch="false"/>
            <line number="249" hits="0" branch="false"/>
            <line number="251" hits="1" branch="false"/>
            <line number="252" hits="0" branch="false"/>
            <line number="254" hits="1" branch="false"/>
            <line number="255" hits="0" branch="false"/>
            <line number="257" hits="1" branch="false"/>
            <line number="258" hits="0" branch="false"/>
            <line number="260" hits="1" branch="false"/>
            <line number="261" hits="0" branch="false"/>
            <line number="263" hits="1" branch="false"/>
            <line number="264" hits="0" branch="false"/>
            <line number="268" hits="1" branch="false"/>
            <line number="269" hits="0" branch="false"/>
            <line number="270" hits="0" branch="false"/>
            <line number="272" hits="0" branch="true" condition-coverage="0% (0/2)"/>
            <line number="273" hits="0" branch="false"/>
            <line number="275" hits="0" branch="false"/>
            <line number="278" hits="1" branch="false"/>
            <line number="279" hits="0" branch="true" condition-coverage="0% (0/2)"/>
            <line number="280" hits="0" branch="false"/>
            <line number="281" hits="0" branch="false"/>
            <line number="285" hits="1" branch="false"/>
            <line number="286" hits="0" branch="false"/>
            <line number="287" hits="0" branch="false"/>
            <line number="289" hits="0" branch="true" condition-coverage="0% (0/2)"/>
            <line number="290" hits="0" branch="false"/>
            <line number="292" hits="0" branch="false"/>
            <line number="295" hits="1" branch="false"/>
            <line number="296" hits="1" branch="false"/>
            <line number="298" hits="23" branch="false"/>
            <line number="299" hits="23" branch="false"/>
            <line number="300" hits="23" branch="false"/>
            <line number="301" hits="23" branch="true" condition-coverage="50% (2/4)"/>
            <line number="302" hits="0" branch="false"/>
            <line number="304" hits="23" branch="false"/>
            <line number="306" hits="23" branch="false"/>
            <line number="307" hits="23" branch="false"/>
            <line number="308" hits="23" branch="false"/>
            <line number="310" hits="23" branch="false"/>
            <line number="311" hits="23" branch="true" condition-coverage="50% (1/2)"/>
            <line number="312" hits="23" branch="false"/>
            <line number="313" hits="23" branch="true" condition-coverage="50% (1/2)"/>
            <line number="314" hits="23" branch="false"/>
            <line number="316" hits="0" branch="false"/>
            <line number="317" hits="0" branch="true" condition-coverage="0% (0/2)"/>
            <line number="318" hits="0" branch="false"/>
            <line number="321" hits="23" branch="false"/>
            <line number="323" hits="23" branch="false"/>
            <line number="324" hits="23" branch="false"/>
            <line number="325" hits="23" branch="true" condition-coverage="75% (3/4)"/>
            <line number="326" hits="0" branch="false"/>
            <line number="327" hits="23" branch="true" condition-coverage="50% (1/2)"/>
            <line number="328" hits="0" branch="false"/>
            <line number="329" hits="0" branch="true" condition-coverage="0% (0/2)"/>
            <line number="330" hits="0" branch="false"/>
            <line number="333" hits="23" branch="false"/>
            <line number="335" hits="23" branch="false"/>
            <line number="336" hits="23" branch="true" condition-coverage="75% (3/4)"/>
            <line number="337" hits="0" branch="false"/>
            <line number="338" hits="23" branch="true" condition-coverage="50% (1/2)"/>
            <line number="339" hits="0" branch="false"/>
            <line number="341" hits="23" branch="false"/>
            <line number="342" hits="23" branch="false"/>
            <line number="346" hits="16" branch="false"/>
            <line number="347" hits="16" branch="false"/>
            <line number="348" hits="96" branch="true" condition-coverage="100% (2/2)"/>
            <line number="349" hits="5" branch="true" condition-coverage="50% (1/2)"/>
            <line number="350" hits="0" branch="false"/>
            <line number="352" hits="5" branch="false"/>
            <line number="353" hits="5" branch="false"/>
            <line number="354" hits="5" branch="false"/>
            <line number="355" hits="5" branch="false"/>
            <line number="358" hits="96" branch="true" condition-coverage="50% (2/4)"/>
            <line number="360" hits="0" branch="true" condition-coverage="0% (0/4)"/>
            <line number="361" hits="0" branch="false"/>
            <line number="363" hits="0" branch="true" condition-coverage="0% (0/4)"/>
            <line number="364" hits="0" branch="false"/>
            <line number="370" hits="1" branch="false"/>
            <line number="371" hits="11" branch="true" condition-coverage="50% (1/2)"/>
            <line number="372" hits="0" branch="false"/>
            <line number="373" hits="0" branch="true" condition-coverage="0% (0/4)"/>
            <line number="374" hits="0" branch="false"/>
            <line number="375" hits="0" branch="false"/>
            <line number="378" hits="11" branch="false"/>
            <line number="381" hits="1" branch="false"/>
            <line number="382" hits="11" branch="false"/>
            <line number="385" hits="1" branch="false"/>
            <line number="386" hits="1" branch="false"/>
            <line number="387" hits="1" branch="false"/>
            <line number="388" hits="6" branch="true" condition-coverage="50% (1/2)"/>
            <line number="389" hits="0" branch="false"/>
            <line number="391" hits="6" branch="false"/>
            <line number="395" hits="1" branch="false"/>
            <line number="396" hits="0" branch="false"/>
            <line number="397" hits="0" branch="true" condition-coverage="0% (0/2)"/>
            <line number="398" hits="0" branch="false"/>
            <line number="399" hits="0" branch="true" condition-coverage="0% (0/2)"/>
            <line number="400" hits="0" branch="true" condition-coverage="0% (0/2)"/>
            <line number="401" hits="0" branch="false"/>
            <line number="403" hits="0" branch="false"/>
            <line number="405" hits="0" branch="true" condition-coverage="0% (0/2)"/>
            <line number="406" hits="0" branch="false"/>
            <line number="407" hits="0" branch="false"/>
            <line number="410" hits="0" branch="true" condition-coverage="0% (0/2)"/>
            <line number="411" hits="0" branch="false"/>
            <line number="413" hits="0" branch="false"/>
            <line number="414" hits="0" branch="true" condition-coverage="0% (0/2)"/>
            <line number="415" hits="0" branch="false"/>
            <line number="416" hits="0" branch="false"/>
            <line number="418" hits="0" branch="false"/>
            <line number="419" hits="0" branch="false"/>
            <line number="420" hits="0" branch="false"/>
            <line number="421" hits="0" branch="false"/>
            <line number="423" hits="0" branch="false"/>
            <line number="426" hits="1" branch="false"/>
            <line number="427" hits="0" branch="false"/>
            <line number="428" hits="0" branch="false"/>
            <line number="429" hits="0" branch="false"/>
            <line number="430" hits="0" branch="false"/>
            <line number="431" hits="0" branch="false"/>
            <line number="432" hits="0" branch="false"/>
            <line number="433" hits="0" branch="true" condition-coverage="0% (0/2)"/>
            <line number="434" hits="0" branch="false"/>
            <line number="437" hits="0" branch="false"/>
            <line number="438" hits="0" branch="false"/>
            <line number="439" hits="0" branch="false"/>
            <line number="440" hits="0" branch="false"/>
            <line number="443" hits="1" branch="false"/>
            <line number="444" hits="0" branch="false"/>
            <line number="445" hits="0" branch="false"/>
            <line number="446" hits="0" branch="false"/>
            <line number="447" hits="0" branch="false"/>
            <line number="448" hits="0" branch="false"/>
            <line number="449" hits="0" branch="true" condition-coverage="0% (0/2)"/>
            <line number="450" hits="0" branch="false"/>
            <line number="453" hits="0" branch="false"/>
            <line number="455" hits="0" branch="false"/>
            <line number="458" hits="0" branch="false"/>
            <line number="459" hits="0" branch="false"/>
            <line number="461" hits="0" branch="false"/>
            <line number="463" hits="0" branch="false"/>
            <line number="467" hits="1" branch="false"/>
            <line number="468" hits="0" branch="false"/>
            <line number="469" hits="0" branch="false"/>
            <line number="470" hits="0" branch="false"/>
            <line number="471" hits="0" branch="false"/>
            <line number="472" hits="0" branch="true" condition-coverage="0% (0/2)"/>
            <line number="473" hits="0" branch="false"/>
            <line number="476" hits="0" branch="false"/>
            <line number="479" hits="1" branch="false"/>
            <line number="480" hits="0" branch="false"/>
            <line number="481" hits="0" branch="false"/>
            <line number="482" hits="0" branch="false"/>
            <line number="483" hits="0" branch="false"/>
            <line number="484" hits="0" branch="false"/>
            <line number="485" hits="0" branch="true" condition-coverage="0% (0/2)"/>
            <line number="486" hits="0" branch="false"/>
            <line number="489" hits="0" branch="false"/>
            <line number="490" hits="0" branch="false"/>
            <line number="491" hits="0" branch="false"/>
            <line number="492" hits="0" branch="false"/>
            <line number="495" hits="1" branch="false"/>
            <line number="496" hits="0" branch="false"/>
            <line number="497" hits="0" branch="false"/>
            <line number="498" hits="0" branch="false"/>
            <line number="499" hits="0" branch="false"/>
            <line number="503" hits="0" branch="false"/>
            <line number="505" hits="0" branch="true" condition-coverage="0% (0/2)"/>
            <line number="506" hits="0" branch="false"/>
            <line number="509" hits="0" branch="false"/>
            <line number="511" hits="0" branch="false"/>
            <line number="514" hits="0" branch="false"/>
            <line number="515" hits="0" branch="false"/>
            <line number="517" hits="0" branch="false"/>
            <line number="519" hits="0" branch="false"/>
            <line number="523" hits="1" branch="false"/>
            <line number="524" hits="0" branch="false"/>
            <line number="525" hits="0" branch="false"/>
            <line number="526" hits="0" branch="false"/>
            <line number="527" hits="0" branch="false"/>
            <line number="534" hits="0" branch="false"/>
            <line number="537" hits="0" branch="true" condition-coverage="0% (0/2)"/>
            <line number="538" hits="0" branch="false"/>
            <line number="541" hits="0" branch="false"/>
            <line number="543" hits="0" branch="false"/>
            <line number="546" hits="0" branch="false"/>
            <line number="547" hits="0" branch="false"/>
            <line number="549" hits="0" branch="false"/>
            <line number="551" hits="0" branch="false"/>
            <line number="555" hits="1" branch="false"/>
            <line number="556" hits="0" branch="false"/>
            <line number="557" hits="0" branch="true" condition-coverage="0% (0/2)"/>
            <line number="558" hits="0" branch="false"/>
            <line number="560" hits="0" branch="false"/>
            <line number="561" hits="0" branch="false"/>
            <line number="562" hits="0" branch="false"/>
            <line number="563" hits="0" branch="false"/>
            <line number="564" hits="0" branch="true" condition-coverage="0% (0/2)"/>
            <line number="565" hits="0" branch="false"/>
            <line number="568" hits="0" branch="false"/>
            <line number="569" hits="0" branch="false"/>
            <line number="570" hits="0" branch="false"/>
            <line number="571" hits="0" branch="false"/>
            <line number="574" hits="1" branch="false"/>
            <line number="575" hits="0" branch="false"/>
            <line number="576" hits="0" branch="false"/>
            <line number="577" hits="0" branch="false"/>
            <line number="578" hits="0" branch="false"/>
            <line number="584" hits="0" branch="false"/>
            <line number="586" hits="0" branch="true" condition-coverage="0% (0/2)"/>
            <line number="587" hits="0" branch="false"/>
            <line number="590" hits="0" branch="false"/>
            <line number="592" hits="0" branch="false"/>
            <line number="595" hits="0" branch="false"/>
            <line number="596" hits="0" branch="false"/>
            <line number="598" hits="0" branch="false"/>
            <line number="600" hits="0" branch="false"/>
            <line number="604" hits="1" branch="false"/>
            <line number="605" hits="0" branch="true" condition-coverage="0% (0/2)"/>
            <line number="606" hits="0" branch="false"/>
            <line number="607" hits="0" branch="true" condition-coverage="0% (0/2)"/>
            <line number="608" hits="0" branch="false"/>
            <line number="609" hits="0" branch="true" condition-coverage="0% (0/2)"/>
            <line number="610" hits="0" branch="false"/>
            <line number="612" hits="0" branch="false"/>
            <line number="616" hits="1" branch="false"/>
          </lines>
        </class>
        <class name="rbd-form.model.ts" filename="src/app/ceph/block/rbd-form/rbd-form.model.ts" line-rate="1" branch-rate="1">
          <methods>
            <method name="(anonymous_0)" hits="1" signature="()V">
              <lines>
                <line number="1" hits="1"/>
              </lines>
            </method>
          </methods>
          <lines>
            <line number="1" hits="1" branch="false"/>
            <line number="9" hits="1" branch="false"/>
          </lines>
        </class>
      </classes>
    </package>
    <package name="src.app.ceph.block.rbd-list" line-rate="0.3567" branch-rate="0.4253">
      <classes>
        <class name="rbd-list.component.html" filename="src/app/ceph/block/rbd-list/rbd-list.component.html" line-rate="1" branch-rate="1">
          <methods>
          </methods>
          <lines>
            <line number="1" hits="1" branch="false"/>
          </lines>
        </class>
        <class name="rbd-list.component.ts" filename="src/app/ceph/block/rbd-list/rbd-list.component.ts" line-rate="0.3442" branch-rate="0.4253">
          <methods>
            <method name="(anonymous_2)" hits="1" signature="()V">
              <lines>
                <line number="36" hits="1"/>
              </lines>
            </method>
            <method name="RbdListComponent" hits="3" signature="()V">
              <lines>
                <line number="53" hits="3"/>
              </lines>
            </method>
            <method name="(anonymous_4)" hits="2" signature="()V">
              <lines>
                <line number="63" hits="2"/>
              </lines>
            </method>
            <method name="(anonymous_5)" hits="0" signature="()V">
              <lines>
                <line number="119" hits="0"/>
              </lines>
            </method>
            <method name="(anonymous_6)" hits="0" signature="()V">
              <lines>
                <line number="121" hits="0"/>
              </lines>
            </method>
            <method name="(anonymous_7)" hits="1" signature="()V">
              <lines>
                <line number="128" hits="1"/>
              </lines>
            </method>
            <method name="(anonymous_8)" hits="0" signature="()V">
              <lines>
                <line number="134" hits="0"/>
              </lines>
            </method>
            <method name="(anonymous_9)" hits="0" signature="()V">
              <lines>
                <line number="140" hits="0"/>
              </lines>
            </method>
            <method name="(anonymous_10)" hits="0" signature="()V">
              <lines>
                <line number="143" hits="0"/>
              </lines>
            </method>
            <method name="(anonymous_11)" hits="0" signature="()V">
              <lines>
                <line number="151" hits="0"/>
              </lines>
            </method>
            <method name="(anonymous_12)" hits="0" signature="()V">
              <lines>
                <line number="159" hits="0"/>
              </lines>
            </method>
            <method name="(anonymous_13)" hits="0" signature="()V">
              <lines>
                <line number="166" hits="0"/>
              </lines>
            </method>
            <method name="(anonymous_14)" hits="0" signature="()V">
              <lines>
                <line number="172" hits="0"/>
              </lines>
            </method>
            <method name="(anonymous_15)" hits="0" signature="()V">
              <lines>
                <line number="174" hits="0"/>
              </lines>
            </method>
            <method name="(anonymous_16)" hits="0" signature="()V">
              <lines>
                <line number="188" hits="0"/>
              </lines>
            </method>
            <method name="(anonymous_17)" hits="0" signature="()V">
              <lines>
                <line number="190" hits="0"/>
              </lines>
            </method>
            <method name="(anonymous_18)" hits="0" signature="()V">
              <lines>
                <line number="191" hits="0"/>
              </lines>
            </method>
            <method name="(anonymous_19)" hits="0" signature="()V">
              <lines>
                <line number="231" hits="0"/>
              </lines>
            </method>
            <method name="(anonymous_20)" hits="1" signature="()V">
              <lines>
                <line number="235" hits="1"/>
              </lines>
            </method>
            <method name="(anonymous_21)" hits="0" signature="()V">
              <lines>
                <line number="240" hits="0"/>
              </lines>
            </method>
            <method name="(anonymous_22)" hits="0" signature="()V">
              <lines>
                <line number="250" hits="0"/>
              </lines>
            </method>
            <method name="(anonymous_23)" hits="1" signature="()V">
              <lines>
                <line number="259" hits="1"/>
              </lines>
            </method>
            <method name="(anonymous_24)" hits="0" signature="()V">
              <lines>
                <line number="264" hits="0"/>
              </lines>
            </method>
            <method name="(anonymous_25)" hits="0" signature="()V">
              <lines>
                <line number="271" hits="0"/>
              </lines>
            </method>
            <method name="(anonymous_26)" hits="0" signature="()V">
              <lines>
                <line number="276" hits="0"/>
              </lines>
            </method>
            <method name="(anonymous_27)" hits="0" signature="()V">
              <lines>
                <line number="281" hits="0"/>
              </lines>
            </method>
            <method name="(anonymous_28)" hits="0" signature="()V">
              <lines>
                <line number="291" hits="0"/>
              </lines>
            </method>
            <method name="(anonymous_29)" hits="0" signature="()V">
              <lines>
                <line number="303" hits="0"/>
              </lines>
            </method>
            <method name="(anonymous_30)" hits="0" signature="()V">
              <lines>
                <line number="310" hits="0"/>
              </lines>
            </method>
          </methods>
          <lines>
            <line number="1" hits="1" branch="false"/>
            <line number="3" hits="1" branch="false"/>
            <line number="4" hits="1" branch="false"/>
            <line number="6" hits="1" branch="false"/>
            <line number="7" hits="1" branch="false"/>
            <line number="10" hits="1" branch="false"/>
            <line number="11" hits="1" branch="false"/>
            <line number="12" hits="1" branch="false"/>
            <line number="14" hits="1" branch="false"/>
            <line number="15" hits="1" branch="false"/>
            <line number="16" hits="1" branch="false"/>
            <line number="17" hits="1" branch="false"/>
            <line number="18" hits="1" branch="false"/>
            <line number="19" hits="1" branch="false"/>
            <line number="22" hits="1" branch="false"/>
            <line number="23" hits="1" branch="false"/>
            <line number="24" hits="1" branch="false"/>
            <line number="25" hits="1" branch="false"/>
            <line number="29" hits="1" branch="false"/>
            <line number="36" hits="1" branch="false"/>
            <line number="38" hits="1" branch="true" condition-coverage="66.66666666666666% (2/3)"/>
            <line number="39" hits="1" branch="true" condition-coverage="66.66666666666666% (2/3)"/>
            <line number="40" hits="1" branch="true" condition-coverage="66.66666666666666% (2/3)"/>
            <line number="43" hits="3" branch="false"/>
            <line number="47" hits="3" branch="false"/>
            <line number="49" hits="3" branch="false"/>
            <line number="53" hits="3" branch="true" condition-coverage="75% (6/8)"/>
            <line number="54" hits="3" branch="true" condition-coverage="80% (4/5)"/>
            <line number="55" hits="3" branch="true" condition-coverage="80% (4/5)"/>
            <line number="56" hits="3" branch="true" condition-coverage="80% (4/5)"/>
            <line number="57" hits="3" branch="true" condition-coverage="80% (4/5)"/>
            <line number="58" hits="3" branch="true" condition-coverage="80% (4/5)"/>
            <line number="59" hits="3" branch="true" condition-coverage="80% (4/5)"/>
            <line number="60" hits="3" branch="false"/>
            <line number="63" hits="2" branch="false"/>
            <line number="64" hits="2" branch="false"/>
            <line number="119" hits="2" branch="false"/>
            <line number="120" hits="0" branch="false"/>
            <line number="121" hits="0" branch="false"/>
            <line number="122" hits="0" branch="false"/>
            <line number="128" hits="1" branch="false"/>
            <line number="129" hits="1" branch="true" condition-coverage="50% (1/2)"/>
            <line number="130" hits="0" branch="false"/>
            <line number="134" hits="1" branch="false"/>
            <line number="135" hits="0" branch="true" condition-coverage="0% (0/2)"/>
            <line number="136" hits="0" branch="false"/>
            <line number="138" hits="0" branch="false"/>
            <line number="141" hits="0" branch="false"/>
            <line number="142" hits="0" branch="false"/>
            <line number="143" hits="0" branch="false"/>
            <line number="144" hits="0" branch="true" condition-coverage="0% (0/2)"/>
            <line number="145" hits="0" branch="false"/>
            <line number="147" hits="0" branch="false"/>
            <line number="148" hits="0" branch="false"/>
            <line number="150" hits="0" branch="false"/>
            <line number="151" hits="0" branch="false"/>
            <line number="152" hits="0" branch="false"/>
            <line number="158" hits="0" branch="false"/>
            <line number="159" hits="0" branch="false"/>
            <line number="160" hits="0" branch="false"/>
            <line number="163" hits="0" branch="false"/>
            <line number="164" hits="0" branch="false"/>
            <line number="167" hits="0" branch="false"/>
            <line number="172" hits="1" branch="false"/>
            <line number="173" hits="0" branch="false"/>
            <line number="174" hits="0" branch="false"/>
            <line number="175" hits="0" branch="true" condition-coverage="0% (0/6)"/>
            <line number="179" hits="0" branch="true" condition-coverage="0% (0/4)"/>
            <line number="181" hits="0" branch="false"/>
            <line number="185" hits="0" branch="false"/>
            <line number="188" hits="1" branch="true" condition-coverage="0% (0/2)"/>
            <line number="189" hits="0" branch="false"/>
            <line number="190" hits="0" branch="false"/>
            <line number="191" hits="0" branch="false"/>
            <line number="192" hits="0" branch="true" condition-coverage="0% (0/2)"/>
            <line number="195" hits="0" branch="true" condition-coverage="0% (0/2)"/>
            <line number="196" hits="0" branch="true" condition-coverage="0% (0/2)"/>
            <line number="197" hits="0" branch="false"/>
            <line number="199" hits="0" branch="true" condition-coverage="0% (0/2)"/>
            <line number="200" hits="0" branch="false"/>
            <line number="202" hits="0" branch="true" condition-coverage="0% (0/2)"/>
            <line number="203" hits="0" branch="false"/>
            <line number="206" hits="0" branch="true" condition-coverage="0% (0/2)"/>
            <line number="207" hits="0" branch="false"/>
            <line number="208" hits="0" branch="false"/>
            <line number="209" hits="0" branch="false"/>
            <line number="210" hits="0" branch="false"/>
            <line number="211" hits="0" branch="false"/>
            <line number="213" hits="0" branch="true" condition-coverage="0% (0/2)"/>
            <line number="214" hits="0" branch="false"/>
            <line number="215" hits="0" branch="false"/>
            <line number="216" hits="0" branch="false"/>
            <line number="217" hits="0" branch="false"/>
            <line number="218" hits="0" branch="false"/>
            <line number="220" hits="0" branch="true" condition-coverage="0% (0/2)"/>
            <line number="221" hits="0" branch="false"/>
            <line number="222" hits="0" branch="false"/>
            <line number="223" hits="0" branch="false"/>
            <line number="224" hits="0" branch="false"/>
            <line number="225" hits="0" branch="false"/>
            <line number="228" hits="0" branch="false"/>
            <line number="231" hits="1" branch="false"/>
            <line number="232" hits="0" branch="false"/>
            <line number="235" hits="1" branch="false"/>
            <line number="236" hits="1" branch="false"/>
            <line number="237" hits="1" branch="false"/>
            <line number="238" hits="1" branch="false"/>
            <line number="239" hits="1" branch="false"/>
            <line number="241" hits="0" branch="true" condition-coverage="0% (0/2)"/>
            <line number="242" hits="0" branch="false"/>
            <line number="245" hits="0" branch="false"/>
            <line number="246" hits="0" branch="false"/>
            <line number="247" hits="0" branch="false"/>
            <line number="248" hits="0" branch="false"/>
            <line number="249" hits="0" branch="false"/>
            <line number="251" hits="0" branch="false"/>
            <line number="254" hits="0" branch="false"/>
            <line number="255" hits="0" branch="false"/>
            <line number="257" hits="0" branch="false"/>
            <line number="258" hits="0" branch="false"/>
            <line number="260" hits="1" branch="false"/>
            <line number="264" hits="1" branch="false"/>
            <line number="265" hits="0" branch="false"/>
            <line number="266" hits="0" branch="false"/>
            <line number="267" hits="0" branch="false"/>
            <line number="268" hits="0" branch="false"/>
            <line number="271" hits="0" branch="false"/>
            <line number="276" hits="1" branch="false"/>
            <line number="277" hits="0" branch="false"/>
            <line number="278" hits="0" branch="false"/>
            <line number="279" hits="0" branch="false"/>
            <line number="280" hits="0" branch="false"/>
            <line number="282" hits="0" branch="true" condition-coverage="0% (0/2)"/>
            <line number="283" hits="0" branch="false"/>
            <line number="286" hits="0" branch="false"/>
            <line number="287" hits="0" branch="false"/>
            <line number="288" hits="0" branch="false"/>
            <line number="289" hits="0" branch="false"/>
            <line number="290" hits="0" branch="false"/>
            <line number="292" hits="0" branch="false"/>
            <line number="295" hits="0" branch="false"/>
            <line number="296" hits="0" branch="false"/>
            <line number="298" hits="0" branch="false"/>
            <line number="299" hits="0" branch="false"/>
            <line number="303" hits="1" branch="false"/>
            <line number="304" hits="0" branch="false"/>
            <line number="305" hits="0" branch="false"/>
            <line number="306" hits="0" branch="false"/>
            <line number="307" hits="0" branch="false"/>
            <line number="308" hits="0" branch="false"/>
            <line number="309" hits="0" branch="false"/>
            <line number="310" hits="0" branch="false"/>
            <line number="311" hits="0" branch="false"/>
            <line number="314" hits="1" branch="false"/>
          </lines>
        </class>
        <class name="rbd-model.ts" filename="src/app/ceph/block/rbd-list/rbd-model.ts" line-rate="1" branch-rate="1">
          <methods>
            <method name="(anonymous_0)" hits="1" signature="()V">
              <lines>
                <line number="1" hits="1"/>
              </lines>
            </method>
          </methods>
          <lines>
            <line number="1" hits="1" branch="false"/>
            <line number="6" hits="1" branch="false"/>
          </lines>
        </class>
      </classes>
    </package>
    <package name="src.app.ceph.block.rbd-snapshot-form" line-rate="0.4902" branch-rate="0.7">
      <classes>
        <class name="rbd-snapshot-form.component.html" filename="src/app/ceph/block/rbd-snapshot-form/rbd-snapshot-form.component.html" line-rate="1" branch-rate="1">
          <methods>
          </methods>
          <lines>
            <line number="1" hits="4" branch="false"/>
          </lines>
        </class>
        <class name="rbd-snapshot-form.component.ts" filename="src/app/ceph/block/rbd-snapshot-form/rbd-snapshot-form.component.ts" line-rate="0.48" branch-rate="0.7">
          <methods>
            <method name="(anonymous_2)" hits="4" signature="()V">
              <lines>
                <line number="19" hits="4"/>
              </lines>
            </method>
            <method name="RbdSnapshotFormComponent" hits="1" signature="()V">
              <lines>
                <line number="31" hits="1"/>
              </lines>
            </method>
            <method name="(anonymous_4)" hits="1" signature="()V">
              <lines>
                <line number="38" hits="1"/>
              </lines>
            </method>
            <method name="(anonymous_5)" hits="1" signature="()V">
              <lines>
                <line number="48" hits="1"/>
              </lines>
            </method>
            <method name="(anonymous_6)" hits="0" signature="()V">
              <lines>
                <line number="52" hits="0"/>
              </lines>
            </method>
            <method name="(anonymous_7)" hits="0" signature="()V">
              <lines>
                <line number="58" hits="0"/>
              </lines>
            </method>
            <method name="(anonymous_8)" hits="0" signature="()V">
              <lines>
                <line number="68" hits="0"/>
              </lines>
            </method>
            <method name="(anonymous_9)" hits="0" signature="()V">
              <lines>
                <line number="70" hits="0"/>
              </lines>
            </method>
            <method name="(anonymous_10)" hits="0" signature="()V">
              <lines>
                <line number="75" hits="0"/>
              </lines>
            </method>
            <method name="(anonymous_11)" hits="0" signature="()V">
              <lines>
                <line number="80" hits="0"/>
              </lines>
            </method>
            <method name="(anonymous_12)" hits="0" signature="()V">
              <lines>
                <line number="90" hits="0"/>
              </lines>
            </method>
            <method name="(anonymous_13)" hits="0" signature="()V">
              <lines>
                <line number="92" hits="0"/>
              </lines>
            </method>
            <method name="(anonymous_14)" hits="0" signature="()V">
              <lines>
                <line number="97" hits="0"/>
              </lines>
            </method>
            <method name="(anonymous_15)" hits="0" signature="()V">
              <lines>
                <line number="102" hits="0"/>
              </lines>
            </method>
          </methods>
          <lines>
            <line number="1" hits="4" branch="false"/>
            <line number="2" hits="4" branch="false"/>
            <line number="4" hits="4" branch="false"/>
            <line number="5" hits="4" branch="false"/>
            <line number="7" hits="4" branch="false"/>
            <line number="8" hits="4" branch="false"/>
            <line number="9" hits="4" branch="false"/>
            <line number="12" hits="4" branch="false"/>
            <line number="19" hits="4" branch="false"/>
            <line number="27" hits="1" branch="false"/>
            <line number="31" hits="1" branch="true" condition-coverage="75% (6/8)"/>
            <line number="32" hits="1" branch="true" condition-coverage="80% (4/5)"/>
            <line number="33" hits="1" branch="true" condition-coverage="80% (4/5)"/>
            <line number="34" hits="1" branch="false"/>
            <line number="35" hits="1" branch="false"/>
            <line number="38" hits="4" branch="false"/>
            <line number="39" hits="1" branch="false"/>
            <line number="48" hits="4" branch="false"/>
            <line number="49" hits="1" branch="false"/>
            <line number="52" hits="4" branch="false"/>
            <line number="53" hits="0" branch="false"/>
            <line number="54" hits="0" branch="false"/>
            <line number="55" hits="0" branch="false"/>
            <line number="58" hits="4" branch="false"/>
            <line number="59" hits="0" branch="false"/>
            <line number="60" hits="0" branch="false"/>
            <line number="61" hits="0" branch="false"/>
            <line number="62" hits="0" branch="false"/>
            <line number="67" hits="0" branch="false"/>
            <line number="69" hits="0" branch="false"/>
            <line number="71" hits="0" branch="false"/>
            <line number="73" hits="0" branch="false"/>
            <line number="74" hits="0" branch="false"/>
            <line number="76" hits="0" branch="false"/>
            <line number="80" hits="4" branch="false"/>
            <line number="81" hits="0" branch="false"/>
            <line number="82" hits="0" branch="false"/>
            <line number="83" hits="0" branch="false"/>
            <line number="84" hits="0" branch="false"/>
            <line number="89" hits="0" branch="false"/>
            <line number="91" hits="0" branch="false"/>
            <line number="93" hits="0" branch="false"/>
            <line number="95" hits="0" branch="false"/>
            <line number="96" hits="0" branch="false"/>
            <line number="98" hits="0" branch="false"/>
            <line number="102" hits="4" branch="false"/>
            <line number="103" hits="0" branch="true" condition-coverage="0% (0/2)"/>
            <line number="104" hits="0" branch="false"/>
            <line number="106" hits="0" branch="false"/>
            <line number="109" hits="4" branch="false"/>
          </lines>
        </class>
      </classes>
    </package>
    <package name="src.app.ceph.block.rbd-snapshot-list" line-rate="0.46090000000000003" branch-rate="0.5455">
      <classes>
        <class name="rbd-snapshot-list.component.html" filename="src/app/ceph/block/rbd-snapshot-list/rbd-snapshot-list.component.html" line-rate="1" branch-rate="1">
          <methods>
          </methods>
          <lines>
            <line number="1" hits="3" branch="false"/>
          </lines>
        </class>
        <class name="rbd-snapshot-list.component.ts" filename="src/app/ceph/block/rbd-snapshot-list/rbd-snapshot-list.component.ts" line-rate="0.4464" branch-rate="0.5455">
          <methods>
            <method name="(anonymous_2)" hits="3" signature="()V">
              <lines>
                <line number="42" hits="3"/>
              </lines>
            </method>
            <method name="RbdSnapshotListComponent" hits="3" signature="()V">
              <lines>
                <line number="60" hits="3"/>
              </lines>
            </method>
            <method name="(anonymous_4)" hits="2" signature="()V">
              <lines>
                <line number="68" hits="2"/>
              </lines>
            </method>
            <method name="(anonymous_5)" hits="0" signature="()V">
              <lines>
                <line number="106" hits="0"/>
              </lines>
            </method>
            <method name="(anonymous_6)" hits="0" signature="()V">
              <lines>
                <line number="110" hits="0"/>
              </lines>
            </method>
            <method name="(anonymous_7)" hits="0" signature="()V">
              <lines>
                <line number="112" hits="0"/>
              </lines>
            </method>
            <method name="(anonymous_8)" hits="0" signature="()V">
              <lines>
                <line number="113" hits="0"/>
              </lines>
            </method>
            <method name="(anonymous_9)" hits="0" signature="()V">
              <lines>
                <line number="136" hits="0"/>
              </lines>
            </method>
            <method name="(anonymous_10)" hits="0" signature="()V">
              <lines>
                <line number="143" hits="0"/>
              </lines>
            </method>
            <method name="(anonymous_11)" hits="0" signature="()V">
              <lines>
                <line number="152" hits="0"/>
              </lines>
            </method>
            <method name="(anonymous_12)" hits="0" signature="()V">
              <lines>
                <line number="156" hits="0"/>
              </lines>
            </method>
            <method name="(anonymous_13)" hits="0" signature="()V">
              <lines>
                <line number="160" hits="0"/>
              </lines>
            </method>
            <method name="(anonymous_14)" hits="0" signature="()V">
              <lines>
                <line number="171" hits="0"/>
              </lines>
            </method>
            <method name="(anonymous_15)" hits="0" signature="()V">
              <lines>
                <line number="178" hits="0"/>
              </lines>
            </method>
            <method name="(anonymous_16)" hits="1" signature="()V">
              <lines>
                <line number="184" hits="1"/>
              </lines>
            </method>
            <method name="(anonymous_17)" hits="0" signature="()V">
              <lines>
                <line number="193" hits="0"/>
              </lines>
            </method>
            <method name="(anonymous_18)" hits="0" signature="()V">
              <lines>
                <line number="201" hits="0"/>
              </lines>
            </method>
            <method name="(anonymous_19)" hits="1" signature="()V">
              <lines>
                <line number="205" hits="1"/>
              </lines>
            </method>
            <method name="(anonymous_20)" hits="0" signature="()V">
              <lines>
                <line number="210" hits="0"/>
              </lines>
            </method>
            <method name="(anonymous_21)" hits="0" signature="()V">
              <lines>
                <line number="214" hits="0"/>
              </lines>
            </method>
            <method name="(anonymous_22)" hits="0" signature="()V">
              <lines>
                <line number="219" hits="0"/>
              </lines>
            </method>
            <method name="(anonymous_23)" hits="0" signature="()V">
              <lines>
                <line number="225" hits="0"/>
              </lines>
            </method>
            <method name="(anonymous_24)" hits="0" signature="()V">
              <lines>
                <line number="230" hits="0"/>
              </lines>
            </method>
          </methods>
          <lines>
            <line number="1" hits="3" branch="false"/>
            <line number="10" hits="3" branch="false"/>
            <line number="11" hits="3" branch="false"/>
            <line number="12" hits="3" branch="false"/>
            <line number="14" hits="3" branch="false"/>
            <line number="17" hits="3" branch="false"/>
            <line number="20" hits="3" branch="false"/>
            <line number="22" hits="3" branch="false"/>
[...]
            <line number="27" hits="28" branch="false"/>
          </lines>
        </class>
        <class name="summary.service.ts" filename="src/app/shared/services/summary.service.ts" line-rate="0.7826000000000001" branch-rate="0.7333">
          <methods>
            <method name="(anonymous_2)" hits="31" signature="()V">
              <lines>
                <line number="9" hits="31"/>
              </lines>
            </method>
            <method name="SummaryService" hits="8" signature="()V">
              <lines>
                <line number="16" hits="8"/>
              </lines>
            </method>
            <method name="(anonymous_4)" hits="8" signature="()V">
              <lines>
                <line number="24" hits="8"/>
              </lines>
            </method>
            <method name="(anonymous_5)" hits="0" signature="()V">
              <lines>
                <line number="26" hits="0"/>
              </lines>
            </method>
            <method name="(anonymous_6)" hits="8" signature="()V">
              <lines>
                <line number="31" hits="8"/>
              </lines>
            </method>
            <method name="(anonymous_7)" hits="0" signature="()V">
              <lines>
                <line number="32" hits="0"/>
              </lines>
            </method>
            <method name="(anonymous_8)" hits="0" signature="()V">
              <lines>
                <line number="33" hits="0"/>
              </lines>
            </method>
            <method name="(anonymous_9)" hits="2" signature="()V">
              <lines>
                <line number="40" hits="2"/>
              </lines>
            </method>
            <method name="(anonymous_10)" hits="0" signature="()V">
              <lines>
                <line number="41" hits="0"/>
              </lines>
            </method>
          </methods>
          <lines>
            <line number="1" hits="31" branch="false"/>
            <line number="2" hits="31" branch="false"/>
            <line number="4" hits="31" branch="false"/>
            <line number="6" hits="31" branch="false"/>
            <line number="9" hits="31" branch="false"/>
            <line number="11" hits="8" branch="false"/>
            <line number="14" hits="8" branch="false"/>
            <line number="17" hits="8" branch="true" condition-coverage="75% (6/8)"/>
            <line number="18" hits="8" branch="true" condition-coverage="80% (4/5)"/>
            <line number="19" hits="8" branch="false"/>
            <line number="21" hits="8" branch="false"/>
            <line number="24" hits="31" branch="false"/>
            <line number="25" hits="8" branch="true" condition-coverage="50% (1/2)"/>
            <line number="26" hits="0" branch="false"/>
            <line number="27" hits="0" branch="false"/>
            <line number="31" hits="8" branch="false"/>
            <line number="32" hits="8" branch="false"/>
            <line number="33" hits="0" branch="false"/>
            <line number="34" hits="0" branch="false"/>
            <line number="40" hits="31" branch="false"/>
            <line number="41" hits="2" branch="false"/>
            <line number="42" hits="0" branch="false"/>
            <line number="45" hits="31" branch="false"/>
          </lines>
        </class>
        <class name="task-manager-message.service.ts" filename="src/app/shared/services/task-manager-message.service.ts" line-rate="0.2642" branch-rate="0">
          <methods>
            <method name="(anonymous_2)" hits="30" signature="()V">
              <lines>
                <line number="7" hits="30"/>
              </lines>
            </method>
            <method name="TaskManagerMessage" hits="110" signature="()V">
              <lines>
                <line number="12" hits="110"/>
              </lines>
            </method>
            <method name="(anonymous_4)" hits="30" signature="()V">
              <lines>
                <line number="22" hits="30"/>
              </lines>
            </method>
            <method name="TaskManagerMessageService" hits="10" signature="()V">
              <lines>
                <line number="149" hits="10"/>
              </lines>
            </method>
            <method name="(anonymous_6)" hits="0" signature="()V">
              <lines>
                <line number="26" hits="0"/>
              </lines>
            </method>
            <method name="(anonymous_7)" hits="0" signature="()V">
              <lines>
                <line number="27" hits="0"/>
              </lines>
            </method>
            <method name="(anonymous_8)" hits="0" signature="()V">
              <lines>
                <line number="29" hits="0"/>
              </lines>
            </method>
            <method name="(anonymous_9)" hits="0" signature="()V">
              <lines>
                <line number="37" hits="0"/>
              </lines>
            </method>
            <method name="(anonymous_10)" hits="0" signature="()V">
              <lines>
                <line number="38" hits="0"/>
              </lines>
            </method>
            <method name="(anonymous_11)" hits="0" signature="()V">
              <lines>
                <line number="40" hits="0"/>
              </lines>
            </method>
            <method name="(anonymous_12)" hits="0" signature="()V">
              <lines>
                <line number="48" hits="0"/>
              </lines>
            </method>
            <method name="(anonymous_13)" hits="0" signature="()V">
              <lines>
                <line number="49" hits="0"/>
              </lines>
            </method>
            <method name="(anonymous_14)" hits="0" signature="()V">
              <lines>
                <line number="51" hits="0"/>
              </lines>
            </method>
            <method name="(anonymous_15)" hits="0" signature="()V">
              <lines>
                <line number="58" hits="0"/>
              </lines>
            </method>
            <method name="(anonymous_16)" hits="0" signature="()V">
              <lines>
                <line number="59" hits="0"/>
              </lines>
            </method>
            <method name="(anonymous_17)" hits="0" signature="()V">
              <lines>
                <line number="61" hits="0"/>
              </lines>
            </method>
            <method name="(anonymous_18)" hits="0" signature="()V">
              <lines>
                <line number="70" hits="0"/>
              </lines>
            </method>
            <method name="(anonymous_19)" hits="0" signature="()V">
              <lines>
                <line number="71" hits="0"/>
              </lines>
            </method>
            <method name="(anonymous_20)" hits="0" signature="()V">
              <lines>
                <line number="73" hits="0"/>
              </lines>
            </method>
            <method name="(anonymous_21)" hits="0" signature="()V">
              <lines>
                <line number="81" hits="0"/>
              </lines>
            </method>
            <method name="(anonymous_22)" hits="0" signature="()V">
              <lines>
                <line number="82" hits="0"/>
              </lines>
            </method>
            <method name="(anonymous_23)" hits="0" signature="()V">
              <lines>
                <line number="84" hits="0"/>
              </lines>
            </method>
            <method name="(anonymous_24)" hits="0" signature="()V">
              <lines>
                <line number="90" hits="0"/>
              </lines>
            </method>
            <method name="(anonymous_25)" hits="0" signature="()V">
              <lines>
                <line number="92" hits="0"/>
              </lines>
            </method>
            <method name="(anonymous_26)" hits="0" signature="()V">
              <lines>
                <line number="95" hits="0"/>
              </lines>
            </method>
            <method name="(anonymous_27)" hits="0" signature="()V">
              <lines>
                <line number="102" hits="0"/>
              </lines>
            </method>
            <method name="(anonymous_28)" hits="0" signature="()V">
              <lines>
                <line number="104" hits="0"/>
              </lines>
            </method>
            <method name="(anonymous_29)" hits="0" signature="()V">
              <lines>
                <line number="107" hits="0"/>
              </lines>
            </method>
            <method name="(anonymous_30)" hits="0" signature="()V">
              <lines>
                <line number="114" hits="0"/>
              </lines>
            </method>
            <method name="(anonymous_31)" hits="0" signature="()V">
              <lines>
                <line number="116" hits="0"/>
              </lines>
            </method>
            <method name="(anonymous_32)" hits="0" signature="()V">
              <lines>
                <line number="119" hits="0"/>
              </lines>
            </method>
            <method name="(anonymous_33)" hits="0" signature="()V">
              <lines>
                <line number="126" hits="0"/>
              </lines>
            </method>
            <method name="(anonymous_34)" hits="0" signature="()V">
              <lines>
                <line number="128" hits="0"/>
              </lines>
            </method>
            <method name="(anonymous_35)" hits="0" signature="()V">
              <lines>
                <line number="131" hits="0"/>
              </lines>
            </method>
            <method name="(anonymous_36)" hits="0" signature="()V">
              <lines>
                <line number="139" hits="0"/>
              </lines>
            </method>
            <method name="(anonymous_37)" hits="0" signature="()V">
              <lines>
                <line number="142" hits="0"/>
              </lines>
            </method>
            <method name="(anonymous_38)" hits="0" signature="()V">
              <lines>
                <line number="143" hits="0"/>
              </lines>
            </method>
            <method name="(anonymous_39)" hits="0" signature="()V">
              <lines>
                <line number="151" hits="0"/>
              </lines>
            </method>
            <method name="(anonymous_40)" hits="0" signature="()V">
              <lines>
                <line number="156" hits="0"/>
              </lines>
            </method>
            <method name="(anonymous_41)" hits="0" signature="()V">
              <lines>
                <line number="162" hits="0"/>
              </lines>
            </method>
          </methods>
          <lines>
            <line number="1" hits="30" branch="false"/>
            <line number="3" hits="30" branch="false"/>
            <line number="7" hits="30" branch="false"/>
            <line number="15" hits="110" branch="false"/>
            <line number="16" hits="110" branch="false"/>
            <line number="17" hits="110" branch="false"/>
            <line number="19" hits="30" branch="false"/>
            <line number="22" hits="30" branch="false"/>
            <line number="24" hits="10" branch="false"/>
            <line number="26" hits="0" branch="false"/>
            <line number="27" hits="0" branch="false"/>
            <line number="30" hits="0" branch="false"/>
            <line number="37" hits="0" branch="false"/>
            <line number="38" hits="0" branch="false"/>
            <line number="41" hits="0" branch="false"/>
            <line number="48" hits="0" branch="false"/>
            <line number="49" hits="0" branch="false"/>
            <line number="52" hits="0" branch="false"/>
            <line number="58" hits="0" branch="false"/>
            <line number="59" hits="0" branch="false"/>
            <line number="62" hits="0" branch="false"/>
            <line number="70" hits="0" branch="false"/>
            <line number="71" hits="0" branch="false"/>
            <line number="74" hits="0" branch="false"/>
            <line number="81" hits="0" branch="false"/>
            <line number="82" hits="0" branch="false"/>
            <line number="85" hits="0" branch="false"/>
            <line number="90" hits="0" branch="false"/>
            <line number="92" hits="0" branch="false"/>
            <line number="96" hits="0" branch="false"/>
            <line number="102" hits="0" branch="false"/>
            <line number="104" hits="0" branch="false"/>
            <line number="108" hits="0" branch="false"/>
            <line number="114" hits="0" branch="false"/>
            <line number="116" hits="0" branch="false"/>
            <line number="120" hits="0" branch="false"/>
            <line number="126" hits="0" branch="false"/>
            <line number="128" hits="0" branch="false"/>
            <line number="132" hits="0" branch="false"/>
            <line number="138" hits="10" branch="false"/>
            <line number="140" hits="0" branch="true" condition-coverage="0% (0/3)"/>
            <line number="142" hits="0" branch="false"/>
            <line number="144" hits="0" branch="false"/>
            <line number="151" hits="30" branch="false"/>
            <line number="152" hits="0" branch="true" condition-coverage="0% (0/2)"/>
            <line number="153" hits="0" branch="false"/>
            <line number="156" hits="30" branch="false"/>
            <line number="157" hits="0" branch="true" condition-coverage="0% (0/2)"/>
            <line number="158" hits="0" branch="true" condition-coverage="0% (0/2)"/>
            <line number="162" hits="30" branch="false"/>
            <line number="163" hits="0" branch="true" condition-coverage="0% (0/2)"/>
            <line number="164" hits="0" branch="false"/>
            <line number="166" hits="30" branch="false"/>
          </lines>
        </class>
        <class name="task-manager.service.ts" filename="src/app/shared/services/task-manager.service.ts" line-rate="0.3871" branch-rate="0.15380000000000002">
          <methods>
            <method name="(anonymous_2)" hits="30" signature="()V">
              <lines>
                <line number="10" hits="30"/>
              </lines>
            </method>
            <method name="TaskSubscription" hits="0" signature="()V">
              <lines>
                <line number="15" hits="0"/>
              </lines>
            </method>
            <method name="(anonymous_4)" hits="30" signature="()V">
              <lines>
                <line number="23" hits="30"/>
              </lines>
            </method>
            <method name="TaskManagerService" hits="5" signature="()V">
              <lines>
                <line number="27" hits="5"/>
              </lines>
            </method>
            <method name="(anonymous_6)" hits="0" signature="()V">
              <lines>
                <line number="28" hits="0"/>
              </lines>
            </method>
            <method name="(anonymous_7)" hits="0" signature="()V">
              <lines>
                <line number="46" hits="0"/>
              </lines>
            </method>
            <method name="(anonymous_8)" hits="0" signature="()V">
              <lines>
                <line number="50" hits="0"/>
              </lines>
            </method>
          </methods>
          <lines>
            <line number="1" hits="30" branch="false"/>
            <line number="3" hits="30" branch="false"/>
            <line number="8" hits="30" branch="false"/>
            <line number="10" hits="30" branch="false"/>
            <line number="16" hits="0" branch="false"/>
            <line number="17" hits="0" branch="false"/>
            <line number="18" hits="0" branch="false"/>
            <line number="20" hits="30" branch="false"/>
            <line number="23" hits="30" branch="false"/>
            <line number="25" hits="5" branch="false"/>
            <line number="27" hits="5" branch="true" condition-coverage="66.66666666666666% (2/3)"/>
            <line number="28" hits="5" branch="false"/>
            <line number="29" hits="0" branch="false"/>
            <line number="30" hits="0" branch="false"/>
            <line number="31" hits="0" branch="false"/>
            <line number="32" hits="0" branch="false"/>
            <line number="33" hits="0" branch="false"/>
            <line number="34" hits="0" branch="false"/>
            <line number="35" hits="0" branch="true" condition-coverage="0% (0/4)"/>
            <line number="36" hits="0" branch="false"/>
            <line number="38" hits="0" branch="true" condition-coverage="0% (0/2)"/>
            <line number="39" hits="0" branch="false"/>
            <line number="41" hits="0" branch="false"/>
            <line number="46" hits="30" branch="false"/>
            <line number="47" hits="0" branch="false"/>
            <line number="50" hits="30" branch="false"/>
            <line number="51" hits="0" branch="false"/>
            <line number="52" hits="0" branch="true" condition-coverage="0% (0/4)"/>
            <line number="54" hits="0" branch="false"/>
            <line number="57" hits="0" branch="false"/>
            <line number="59" hits="30" branch="false"/>
          </lines>
        </class>
      </classes>
    </package>
    <package name="src.app.shared.validators" line-rate="1" branch-rate="1">
      <classes>
        <class name="cd-validators.ts" filename="src/app/shared/validators/cd-validators.ts" line-rate="1" branch-rate="1">
          <methods>
            <method name="isEmptyInputValue" hits="93" signature="()V">
              <lines>
                <line number="5" hits="93"/>
              </lines>
            </method>
            <method name="(anonymous_1)" hits="5" signature="()V">
              <lines>
                <line number="9" hits="5"/>
              </lines>
            </method>
            <method name="(anonymous_3)" hits="36" signature="()V">
              <lines>
                <line number="14" hits="36"/>
              </lines>
            </method>
            <method name="(anonymous_4)" hits="79" signature="()V">
              <lines>
                <line number="43" hits="79"/>
              </lines>
            </method>
            <method name="(anonymous_5)" hits="153" signature="()V">
              <lines>
                <line number="44" hits="153"/>
              </lines>
            </method>
            <method name="(anonymous_6)" hits="157" signature="()V">
              <lines>
                <line number="47" hits="157"/>
              </lines>
            </method>
          </methods>
          <lines>
            <line number="1" hits="5" branch="false"/>
            <line number="3" hits="5" branch="false"/>
            <line number="5" hits="5" branch="false"/>
            <line number="6" hits="93" branch="true" condition-coverage="100% (2/2)"/>
            <line number="9" hits="5" branch="false"/>
            <line number="14" hits="5" branch="false"/>
            <line number="16" hits="36" branch="true" condition-coverage="100% (2/2)"/>
            <line number="17" hits="34" branch="false"/>
            <line number="19" hits="2" branch="false"/>
            <line number="43" hits="5" branch="false"/>
            <line number="44" hits="79" branch="false"/>
            <line number="46" hits="153" branch="true" condition-coverage="100% (2/2)"/>
            <line number="48" hits="157" branch="true" condition-coverage="100% (2/2)"/>
            <line number="51" hits="149" branch="false"/>
            <line number="53" hits="4" branch="false"/>
            <line number="56" hits="4" branch="true" condition-coverage="100% (2/2)"/>
            <line number="59" hits="5" branch="false"/>
          </lines>
        </class>
      </classes>
    </package>
  </packages>
</coverage>
